2025-04-07 04:34:47,800 - INFO - Starting D-Piu store scraper for major Italian cities
2025-04-07 04:34:47,800 - INFO - Starting scraping process for 10 major cities with 4 workers
2025-04-07 04:34:48,817 - INFO - Processing city: Roma
2025-04-07 04:34:48,817 - INFO - Processing city: Torino
2025-04-07 04:34:48,826 - ERROR - Failed to initialize WebDriver: Message: session not created
from disconnected: unable to connect to renderer
Stacktrace:
#0 0x628ce69d6d9a <unknown>
#1 0x628ce64a7dc0 <unknown>
#2 0x628ce64e7511 <unknown>
#3 0x628ce64e241d <unknown>
#4 0x628ce64dcfff <unknown>
#5 0x628ce652da36 <unknown>
#6 0x628ce652cf66 <unknown>
#7 0x628ce651eeb3 <unknown>
#8 0x628ce64eb108 <unknown>
#9 0x628ce64ec271 <unknown>
#10 0x628ce69a069b <unknown>
#11 0x628ce69a4642 <unknown>
#12 0x628ce698cc2c <unknown>
#13 0x628ce69a51e4 <unknown>
#14 0x628ce6970e6f <unknown>
#15 0x628ce69c5e38 <unknown>
#16 0x628ce69c6016 <unknown>
#17 0x628ce69d5c16 <unknown>
#18 0x7f5d560a1e2e <unknown>
#19 0x7f5d56133a4c <unknown>

2025-04-07 04:34:48,826 - ERROR - Error processing Napoli: Message: session not created
from disconnected: unable to connect to renderer
Stacktrace:
#0 0x628ce69d6d9a <unknown>
#1 0x628ce64a7dc0 <unknown>
#2 0x628ce64e7511 <unknown>
#3 0x628ce64e241d <unknown>
#4 0x628ce64dcfff <unknown>
#5 0x628ce652da36 <unknown>
#6 0x628ce652cf66 <unknown>
#7 0x628ce651eeb3 <unknown>
#8 0x628ce64eb108 <unknown>
#9 0x628ce64ec271 <unknown>
#10 0x628ce69a069b <unknown>
#11 0x628ce69a4642 <unknown>
#12 0x628ce698cc2c <unknown>
#13 0x628ce69a51e4 <unknown>
#14 0x628ce6970e6f <unknown>
#15 0x628ce69c5e38 <unknown>
#16 0x628ce69c6016 <unknown>
#17 0x628ce69d5c16 <unknown>
#18 0x7f5d560a1e2e <unknown>
#19 0x7f5d56133a4c <unknown>

2025-04-07 04:34:48,850 - ERROR - Failed to initialize WebDriver: Message: session not created
from disconnected: unable to connect to renderer
Stacktrace:
#0 0x6403221eed9a <unknown>
#1 0x640321cbfdc0 <unknown>
#2 0x640321cff511 <unknown>
#3 0x640321cfa41d <unknown>
#4 0x640321cf4fff <unknown>
#5 0x640321d45a36 <unknown>
#6 0x640321d44f66 <unknown>
#7 0x640321d36eb3 <unknown>
#8 0x640321d03108 <unknown>
#9 0x640321d04271 <unknown>
#10 0x6403221b869b <unknown>
#11 0x6403221bc642 <unknown>
#12 0x6403221a4c2c <unknown>
#13 0x6403221bd1e4 <unknown>
#14 0x640322188e6f <unknown>
#15 0x6403221dde38 <unknown>
#16 0x6403221de016 <unknown>
#17 0x6403221edc16 <unknown>
#18 0x792ca78a1e2e <unknown>
#19 0x792ca7933a4c <unknown>

2025-04-07 04:34:48,850 - ERROR - Error processing Milano: Message: session not created
from disconnected: unable to connect to renderer
Stacktrace:
#0 0x6403221eed9a <unknown>
#1 0x640321cbfdc0 <unknown>
#2 0x640321cff511 <unknown>
#3 0x640321cfa41d <unknown>
#4 0x640321cf4fff <unknown>
#5 0x640321d45a36 <unknown>
#6 0x640321d44f66 <unknown>
#7 0x640321d36eb3 <unknown>
#8 0x640321d03108 <unknown>
#9 0x640321d04271 <unknown>
#10 0x6403221b869b <unknown>
#11 0x6403221bc642 <unknown>
#12 0x6403221a4c2c <unknown>
#13 0x6403221bd1e4 <unknown>
#14 0x640322188e6f <unknown>
#15 0x6403221dde38 <unknown>
#16 0x6403221de016 <unknown>
#17 0x6403221edc16 <unknown>
#18 0x792ca78a1e2e <unknown>
#19 0x792ca7933a4c <unknown>

2025-04-07 04:34:48,885 - ERROR - Failed to initialize WebDriver: Message: session not created
from disconnected: unable to connect to renderer
Stacktrace:
#0 0x55f869d2bd9a <unknown>
#1 0x55f8697fcdc0 <unknown>
#2 0x55f86983c511 <unknown>
#3 0x55f86983741d <unknown>
#4 0x55f869831fff <unknown>
#5 0x55f869882a36 <unknown>
#6 0x55f869881f66 <unknown>
#7 0x55f869873eb3 <unknown>
#8 0x55f869840108 <unknown>
#9 0x55f869841271 <unknown>
#10 0x55f869cf569b <unknown>
#11 0x55f869cf9642 <unknown>
#12 0x55f869ce1c2c <unknown>
#13 0x55f869cfa1e4 <unknown>
#14 0x55f869cc5e6f <unknown>
#15 0x55f869d1ae38 <unknown>
#16 0x55f869d1b016 <unknown>
#17 0x55f869d2ac16 <unknown>
#18 0x7c42b3ea1e2e <unknown>
#19 0x7c42b3f33a4c <unknown>

2025-04-07 04:34:48,885 - ERROR - Error processing Genova: Message: session not created
from disconnected: unable to connect to renderer
Stacktrace:
#0 0x55f869d2bd9a <unknown>
#1 0x55f8697fcdc0 <unknown>
#2 0x55f86983c511 <unknown>
#3 0x55f86983741d <unknown>
#4 0x55f869831fff <unknown>
#5 0x55f869882a36 <unknown>
#6 0x55f869881f66 <unknown>
#7 0x55f869873eb3 <unknown>
#8 0x55f869840108 <unknown>
#9 0x55f869841271 <unknown>
#10 0x55f869cf569b <unknown>
#11 0x55f869cf9642 <unknown>
#12 0x55f869ce1c2c <unknown>
#13 0x55f869cfa1e4 <unknown>
#14 0x55f869cc5e6f <unknown>
#15 0x55f869d1ae38 <unknown>
#16 0x55f869d1b016 <unknown>
#17 0x55f869d2ac16 <unknown>
#18 0x7c42b3ea1e2e <unknown>
#19 0x7c42b3f33a4c <unknown>

2025-04-07 04:34:48,933 - ERROR - Failed to initialize WebDriver: Message: session not created
from disconnected: unable to connect to renderer
Stacktrace:
#0 0x595df5d0ad9a <unknown>
#1 0x595df57dbdc0 <unknown>
#2 0x595df581b511 <unknown>
#3 0x595df581641d <unknown>
#4 0x595df5810fff <unknown>
#5 0x595df5861a36 <unknown>
#6 0x595df5860f66 <unknown>
#7 0x595df5852eb3 <unknown>
#8 0x595df581f108 <unknown>
#9 0x595df5820271 <unknown>
#10 0x595df5cd469b <unknown>
#11 0x595df5cd8642 <unknown>
#12 0x595df5cc0c2c <unknown>
#13 0x595df5cd91e4 <unknown>
#14 0x595df5ca4e6f <unknown>
#15 0x595df5cf9e38 <unknown>
#16 0x595df5cfa016 <unknown>
#17 0x595df5d09c16 <unknown>
#18 0x71365aea1e2e <unknown>
#19 0x71365af33a4c <unknown>

2025-04-07 04:34:48,933 - ERROR - Error processing Bologna: Message: session not created
from disconnected: unable to connect to renderer
Stacktrace:
#0 0x595df5d0ad9a <unknown>
#1 0x595df57dbdc0 <unknown>
#2 0x595df581b511 <unknown>
#3 0x595df581641d <unknown>
#4 0x595df5810fff <unknown>
#5 0x595df5861a36 <unknown>
#6 0x595df5860f66 <unknown>
#7 0x595df5852eb3 <unknown>
#8 0x595df581f108 <unknown>
#9 0x595df5820271 <unknown>
#10 0x595df5cd469b <unknown>
#11 0x595df5cd8642 <unknown>
#12 0x595df5cc0c2c <unknown>
#13 0x595df5cd91e4 <unknown>
#14 0x595df5ca4e6f <unknown>
#15 0x595df5cf9e38 <unknown>
#16 0x595df5cfa016 <unknown>
#17 0x595df5d09c16 <unknown>
#18 0x71365aea1e2e <unknown>
#19 0x71365af33a4c <unknown>

2025-04-07 04:34:48,934 - ERROR - Failed to initialize WebDriver: Message: session not created
from disconnected: unable to connect to renderer
Stacktrace:
#0 0x5d0540aacd9a <unknown>
#1 0x5d054057ddc0 <unknown>
#2 0x5d05405bd511 <unknown>
#3 0x5d05405b841d <unknown>
#4 0x5d05405b2fff <unknown>
#5 0x5d0540603a36 <unknown>
#6 0x5d0540602f66 <unknown>
#7 0x5d05405f4eb3 <unknown>
#8 0x5d05405c1108 <unknown>
#9 0x5d05405c2271 <unknown>
#10 0x5d0540a7669b <unknown>
#11 0x5d0540a7a642 <unknown>
#12 0x5d0540a62c2c <unknown>
#13 0x5d0540a7b1e4 <unknown>
#14 0x5d0540a46e6f <unknown>
#15 0x5d0540a9be38 <unknown>
#16 0x5d0540a9c016 <unknown>
#17 0x5d0540aabc16 <unknown>
#18 0x7618d76a1e2e <unknown>
#19 0x7618d7733a4c <unknown>

2025-04-07 04:34:48,934 - ERROR - Error processing Palermo: Message: session not created
from disconnected: unable to connect to renderer
Stacktrace:
#0 0x5d0540aacd9a <unknown>
#1 0x5d054057ddc0 <unknown>
#2 0x5d05405bd511 <unknown>
#3 0x5d05405b841d <unknown>
#4 0x5d05405b2fff <unknown>
#5 0x5d0540603a36 <unknown>
#6 0x5d0540602f66 <unknown>
#7 0x5d05405f4eb3 <unknown>
#8 0x5d05405c1108 <unknown>
#9 0x5d05405c2271 <unknown>
#10 0x5d0540a7669b <unknown>
#11 0x5d0540a7a642 <unknown>
#12 0x5d0540a62c2c <unknown>
#13 0x5d0540a7b1e4 <unknown>
#14 0x5d0540a46e6f <unknown>
#15 0x5d0540a9be38 <unknown>
#16 0x5d0540a9c016 <unknown>
#17 0x5d0540aabc16 <unknown>
#18 0x7618d76a1e2e <unknown>
#19 0x7618d7733a4c <unknown>

2025-04-07 04:34:48,975 - ERROR - Failed to initialize WebDriver: Message: session not created
from disconnected: unable to connect to renderer
Stacktrace:
#0 0x58c2a6f41d9a <unknown>
#1 0x58c2a6a12dc0 <unknown>
#2 0x58c2a6a52511 <unknown>
#3 0x58c2a6a4d41d <unknown>
#4 0x58c2a6a47fff <unknown>
#5 0x58c2a6a98a36 <unknown>
#6 0x58c2a6a97f66 <unknown>
#7 0x58c2a6a89eb3 <unknown>
#8 0x58c2a6a56108 <unknown>
#9 0x58c2a6a57271 <unknown>
#10 0x58c2a6f0b69b <unknown>
#11 0x58c2a6f0f642 <unknown>
#12 0x58c2a6ef7c2c <unknown>
#13 0x58c2a6f101e4 <unknown>
#14 0x58c2a6edbe6f <unknown>
#15 0x58c2a6f30e38 <unknown>
#16 0x58c2a6f31016 <unknown>
#17 0x58c2a6f40c16 <unknown>
#18 0x72af902a1e2e <unknown>
#19 0x72af90333a4c <unknown>

2025-04-07 04:34:48,975 - ERROR - Error processing Firenze: Message: session not created
from disconnected: unable to connect to renderer
Stacktrace:
#0 0x58c2a6f41d9a <unknown>
#1 0x58c2a6a12dc0 <unknown>
#2 0x58c2a6a52511 <unknown>
#3 0x58c2a6a4d41d <unknown>
#4 0x58c2a6a47fff <unknown>
#5 0x58c2a6a98a36 <unknown>
#6 0x58c2a6a97f66 <unknown>
#7 0x58c2a6a89eb3 <unknown>
#8 0x58c2a6a56108 <unknown>
#9 0x58c2a6a57271 <unknown>
#10 0x58c2a6f0b69b <unknown>
#11 0x58c2a6f0f642 <unknown>
#12 0x58c2a6ef7c2c <unknown>
#13 0x58c2a6f101e4 <unknown>
#14 0x58c2a6edbe6f <unknown>
#15 0x58c2a6f30e38 <unknown>
#16 0x58c2a6f31016 <unknown>
#17 0x58c2a6f40c16 <unknown>
#18 0x72af902a1e2e <unknown>
#19 0x72af90333a4c <unknown>

2025-04-07 04:34:48,982 - ERROR - Failed to initialize WebDriver: Message: session not created
from disconnected: unable to connect to renderer
Stacktrace:
#0 0x63b3ec442d9a <unknown>
#1 0x63b3ebf13dc0 <unknown>
#2 0x63b3ebf53511 <unknown>
#3 0x63b3ebf4e41d <unknown>
#4 0x63b3ebf48fff <unknown>
#5 0x63b3ebf99a36 <unknown>
#6 0x63b3ebf98f66 <unknown>
#7 0x63b3ebf8aeb3 <unknown>
#8 0x63b3ebf57108 <unknown>
#9 0x63b3ebf58271 <unknown>
#10 0x63b3ec40c69b <unknown>
#11 0x63b3ec410642 <unknown>
#12 0x63b3ec3f8c2c <unknown>
#13 0x63b3ec4111e4 <unknown>
#14 0x63b3ec3dce6f <unknown>
#15 0x63b3ec431e38 <unknown>
#16 0x63b3ec432016 <unknown>
#17 0x63b3ec441c16 <unknown>
#18 0x7e139c4a1e2e <unknown>
#19 0x7e139c533a4c <unknown>

2025-04-07 04:34:48,982 - ERROR - Error processing Bari: Message: session not created
from disconnected: unable to connect to renderer
Stacktrace:
#0 0x63b3ec442d9a <unknown>
#1 0x63b3ebf13dc0 <unknown>
#2 0x63b3ebf53511 <unknown>
#3 0x63b3ebf4e41d <unknown>
#4 0x63b3ebf48fff <unknown>
#5 0x63b3ebf99a36 <unknown>
#6 0x63b3ebf98f66 <unknown>
#7 0x63b3ebf8aeb3 <unknown>
#8 0x63b3ebf57108 <unknown>
#9 0x63b3ebf58271 <unknown>
#10 0x63b3ec40c69b <unknown>
#11 0x63b3ec410642 <unknown>
#12 0x63b3ec3f8c2c <unknown>
#13 0x63b3ec4111e4 <unknown>
#14 0x63b3ec3dce6f <unknown>
#15 0x63b3ec431e38 <unknown>
#16 0x63b3ec432016 <unknown>
#17 0x63b3ec441c16 <unknown>
#18 0x7e139c4a1e2e <unknown>
#19 0x7e139c533a4c <unknown>

2025-04-07 04:34:49,016 - ERROR - Failed to initialize WebDriver: Message: session not created
from disconnected: unable to connect to renderer
Stacktrace:
#0 0x594e441e1d9a <unknown>
#1 0x594e43cb2dc0 <unknown>
#2 0x594e43cf2511 <unknown>
#3 0x594e43ced41d <unknown>
#4 0x594e43ce7fff <unknown>
#5 0x594e43d38a36 <unknown>
#6 0x594e43d37f66 <unknown>
#7 0x594e43d29eb3 <unknown>
#8 0x594e43cf6108 <unknown>
#9 0x594e43cf7271 <unknown>
#10 0x594e441ab69b <unknown>
#11 0x594e441af642 <unknown>
#12 0x594e44197c2c <unknown>
#13 0x594e441b01e4 <unknown>
#14 0x594e4417be6f <unknown>
#15 0x594e441d0e38 <unknown>
#16 0x594e441d1016 <unknown>
#17 0x594e441e0c16 <unknown>
#18 0x7f5d4c8a1e2e <unknown>
#19 0x7f5d4c933a4c <unknown>

2025-04-07 04:34:49,016 - ERROR - Error processing Livorno: Message: session not created
from disconnected: unable to connect to renderer
Stacktrace:
#0 0x594e441e1d9a <unknown>
#1 0x594e43cb2dc0 <unknown>
#2 0x594e43cf2511 <unknown>
#3 0x594e43ced41d <unknown>
#4 0x594e43ce7fff <unknown>
#5 0x594e43d38a36 <unknown>
#6 0x594e43d37f66 <unknown>
#7 0x594e43d29eb3 <unknown>
#8 0x594e43cf6108 <unknown>
#9 0x594e43cf7271 <unknown>
#10 0x594e441ab69b <unknown>
#11 0x594e441af642 <unknown>
#12 0x594e44197c2c <unknown>
#13 0x594e441b01e4 <unknown>
#14 0x594e4417be6f <unknown>
#15 0x594e441d0e38 <unknown>
#16 0x594e441d1016 <unknown>
#17 0x594e441e0c16 <unknown>
#18 0x7f5d4c8a1e2e <unknown>
#19 0x7f5d4c933a4c <unknown>

2025-04-07 04:34:54,403 - ERROR - Error processing Torino: Message: element not interactable
  (Session info: chrome=133.0.6943.98)
Stacktrace:
#0 0x5e0c0ba86d9a <unknown>
#1 0x5e0c0b557c13 <unknown>
#2 0x5e0c0b5a337c <unknown>
#3 0x5e0c0b5a181c <unknown>
#4 0x5e0c0b5cf0e2 <unknown>
#5 0x5e0c0b59cc2a <unknown>
#6 0x5e0c0b5cf2ae <unknown>
#7 0x5e0c0b5f534b <unknown>
#8 0x5e0c0b5ceeb3 <unknown>
#9 0x5e0c0b59b108 <unknown>
#10 0x5e0c0b59c271 <unknown>
#11 0x5e0c0ba5069b <unknown>
#12 0x5e0c0ba54642 <unknown>
#13 0x5e0c0ba3cc2c <unknown>
#14 0x5e0c0ba551e4 <unknown>
#15 0x5e0c0ba20e6f <unknown>
#16 0x5e0c0ba75e38 <unknown>
#17 0x5e0c0ba76016 <unknown>
#18 0x5e0c0ba85c16 <unknown>
#19 0x75acde6a1e2e <unknown>
#20 0x75acde733a4c <unknown>

2025-04-07 04:34:55,982 - ERROR - Error processing Roma: Message: invalid session id: session deleted as the browser has closed the connection
from disconnected: not connected to DevTools
  (Session info: chrome=133.0.6943.98)
Stacktrace:
#0 0x5e8c9b5bfd9a <unknown>
#1 0x5e8c9b090dc0 <unknown>
#2 0x5e8c9b07698e <unknown>
#3 0x5e8c9b09f310 <unknown>
#4 0x5e8c9b110a39 <unknown>
#5 0x5e8c9b12dcc5 <unknown>
#6 0x5e8c9b107eb3 <unknown>
#7 0x5e8c9b0d4108 <unknown>
#8 0x5e8c9b0d5271 <unknown>
#9 0x5e8c9b58969b <unknown>
#10 0x5e8c9b58d642 <unknown>
#11 0x5e8c9b575c2c <unknown>
#12 0x5e8c9b58e1e4 <unknown>
#13 0x5e8c9b559e6f <unknown>
#14 0x5e8c9b5aee38 <unknown>
#15 0x5e8c9b5af016 <unknown>
#16 0x5e8c9b5bec16 <unknown>
#17 0x77e6fd0a1e2e <unknown>
#18 0x77e6fd133a4c <unknown>

2025-04-07 04:34:56,020 - INFO - Completed scraping. Successfully processed 0 of 10 cities
2025-04-07 04:34:56,021 - WARNING - No temporary files found to merge
2025-04-07 04:34:56,021 - ERROR - Failed to merge temporary files into final output
2025-04-07 04:34:56,021 - ERROR - Fatal error in main: Failed to merge results
